2013/10/12 14:11:28 [error] [php] date(): It is not safe to rely on the system's timezone settings. You are *required* to use the date.timezone setting or the date_default_timezone_set() function. In case you used any of those methods and you are still getting this warning, you most likely misspelled the timezone identifier. We selected 'Asia/Bangkok' for 'ICT/7.0/no DST' instead (/var/www/html/demo/protected/views/layouts/main.php:51)
Stack trace:
#0 /var/www/html/yii/framework/web/CBaseController.php(95): SiteController->renderInternal()
#1 /var/www/html/yii/framework/web/widgets/CContentDecorator.php(76): SiteController->renderFile()
#2 /var/www/html/yii/framework/web/widgets/CContentDecorator.php(54): CContentDecorator->decorate()
#3 /var/www/html/yii/framework/web/widgets/COutputProcessor.php(44): CContentDecorator->processOutput()
#4 /var/www/html/yii/framework/web/CBaseController.php(206): CContentDecorator->run()
#5 /var/www/html/yii/framework/web/CBaseController.php(300): SiteController->endWidget()
#6 /var/www/html/demo/protected/views/layouts/column1.php(6): SiteController->endContent()
#7 /var/www/html/yii/framework/web/CBaseController.php(126): require()
#8 /var/www/html/yii/framework/web/CBaseController.php(95): SiteController->renderInternal()
#9 /var/www/html/yii/framework/web/CController.php(784): SiteController->renderFile()
#10 /var/www/html/demo/protected/controllers/SiteController.php(32): SiteController->render()
#11 /var/www/html/yii/framework/web/actions/CInlineAction.php(49): SiteController->actionIndex()
#12 /var/www/html/yii/framework/web/CController.php(308): CInlineAction->runWithParams()
#13 /var/www/html/yii/framework/web/CController.php(286): SiteController->runAction()
#14 /var/www/html/yii/framework/web/CController.php(265): SiteController->runActionWithFilters()
#15 /var/www/html/yii/framework/web/CWebApplication.php(282): SiteController->run()
#16 /var/www/html/yii/framework/web/CWebApplication.php(141): CWebApplication->runController()
#17 /var/www/html/yii/framework/base/CApplication.php(180): CWebApplication->processRequest()
#18 /var/www/html/demo/index.php(13): CWebApplication->run()
REQUEST_URI=/demo/
in /var/www/html/demo/protected/views/layouts/main.php (51)
in /var/www/html/demo/protected/views/layouts/column1.php (6)
in /var/www/html/demo/protected/controllers/SiteController.php (32)
2013/10/12 14:14:10 [error] [php] Use of undefined constant date - assumed 'date' (/var/www/html/demo/protected/views/layouts/main.php:51)
Stack trace:
#0 /var/www/html/yii/framework/web/widgets/CContentDecorator.php(76): SiteController->renderFile()
#1 /var/www/html/yii/framework/web/widgets/CContentDecorator.php(54): CContentDecorator->decorate()
#2 /var/www/html/yii/framework/web/widgets/COutputProcessor.php(44): CContentDecorator->processOutput()
#3 /var/www/html/yii/framework/web/CBaseController.php(206): CContentDecorator->run()
#4 /var/www/html/yii/framework/web/CBaseController.php(300): SiteController->endWidget()
#5 /var/www/html/demo/protected/views/layouts/column1.php(6): SiteController->endContent()
#6 /var/www/html/yii/framework/web/CBaseController.php(126): require()
#7 /var/www/html/yii/framework/web/CBaseController.php(95): SiteController->renderInternal()
#8 /var/www/html/yii/framework/web/CController.php(784): SiteController->renderFile()
#9 /var/www/html/demo/protected/controllers/SiteController.php(32): SiteController->render()
#10 /var/www/html/yii/framework/web/actions/CInlineAction.php(49): SiteController->actionIndex()
#11 /var/www/html/yii/framework/web/CController.php(308): CInlineAction->runWithParams()
#12 /var/www/html/yii/framework/web/CController.php(286): SiteController->runAction()
#13 /var/www/html/yii/framework/web/CController.php(265): SiteController->runActionWithFilters()
#14 /var/www/html/yii/framework/web/CWebApplication.php(282): SiteController->run()
#15 /var/www/html/yii/framework/web/CWebApplication.php(141): CWebApplication->runController()
#16 /var/www/html/yii/framework/base/CApplication.php(180): CWebApplication->processRequest()
#17 /var/www/html/demo/index.php(13): CWebApplication->run()
REQUEST_URI=/demo/
in /var/www/html/demo/protected/views/layouts/main.php (51)
in /var/www/html/demo/protected/views/layouts/column1.php (6)
in /var/www/html/demo/protected/controllers/SiteController.php (32)
2013/10/12 14:14:10 [error] [php] Use of undefined constant date - assumed 'date' (/var/www/html/demo/protected/views/layouts/main.php:51)
Stack trace:
#0 /var/www/html/yii/framework/web/widgets/CContentDecorator.php(76): SiteController->renderFile()
#1 /var/www/html/yii/framework/web/widgets/CContentDecorator.php(54): CContentDecorator->decorate()
#2 /var/www/html/yii/framework/web/widgets/COutputProcessor.php(44): CContentDecorator->processOutput()
#3 /var/www/html/yii/framework/web/CBaseController.php(206): CContentDecorator->run()
#4 /var/www/html/yii/framework/web/CBaseController.php(300): SiteController->endWidget()
#5 /var/www/html/demo/protected/views/layouts/column1.php(6): SiteController->endContent()
#6 /var/www/html/yii/framework/web/CBaseController.php(126): require()
#7 /var/www/html/yii/framework/web/CBaseController.php(95): SiteController->renderInternal()
#8 /var/www/html/yii/framework/web/CController.php(784): SiteController->renderFile()
#9 /var/www/html/demo/protected/controllers/SiteController.php(32): SiteController->render()
#10 /var/www/html/yii/framework/web/actions/CInlineAction.php(49): SiteController->actionIndex()
#11 /var/www/html/yii/framework/web/CController.php(308): CInlineAction->runWithParams()
#12 /var/www/html/yii/framework/web/CController.php(286): SiteController->runAction()
#13 /var/www/html/yii/framework/web/CController.php(265): SiteController->runActionWithFilters()
#14 /var/www/html/yii/framework/web/CWebApplication.php(282): SiteController->run()
#15 /var/www/html/yii/framework/web/CWebApplication.php(141): CWebApplication->runController()
#16 /var/www/html/yii/framework/base/CApplication.php(180): CWebApplication->processRequest()
#17 /var/www/html/demo/index.php(13): CWebApplication->run()
REQUEST_URI=/demo/
in /var/www/html/demo/protected/views/layouts/main.php (51)
in /var/www/html/demo/protected/views/layouts/column1.php (6)
in /var/www/html/demo/protected/controllers/SiteController.php (32)
2013/10/12 14:14:11 [error] [php] Use of undefined constant date - assumed 'date' (/var/www/html/demo/protected/views/layouts/main.php:51)
Stack trace:
#0 /var/www/html/yii/framework/web/widgets/CContentDecorator.php(76): SiteController->renderFile()
#1 /var/www/html/yii/framework/web/widgets/CContentDecorator.php(54): CContentDecorator->decorate()
#2 /var/www/html/yii/framework/web/widgets/COutputProcessor.php(44): CContentDecorator->processOutput()
#3 /var/www/html/yii/framework/web/CBaseController.php(206): CContentDecorator->run()
#4 /var/www/html/yii/framework/web/CBaseController.php(300): SiteController->endWidget()
#5 /var/www/html/demo/protected/views/layouts/column1.php(6): SiteController->endContent()
#6 /var/www/html/yii/framework/web/CBaseController.php(126): require()
#7 /var/www/html/yii/framework/web/CBaseController.php(95): SiteController->renderInternal()
#8 /var/www/html/yii/framework/web/CController.php(784): SiteController->renderFile()
#9 /var/www/html/demo/protected/controllers/SiteController.php(32): SiteController->render()
#10 /var/www/html/yii/framework/web/actions/CInlineAction.php(49): SiteController->actionIndex()
#11 /var/www/html/yii/framework/web/CController.php(308): CInlineAction->runWithParams()
#12 /var/www/html/yii/framework/web/CController.php(286): SiteController->runAction()
#13 /var/www/html/yii/framework/web/CController.php(265): SiteController->runActionWithFilters()
#14 /var/www/html/yii/framework/web/CWebApplication.php(282): SiteController->run()
#15 /var/www/html/yii/framework/web/CWebApplication.php(141): CWebApplication->runController()
#16 /var/www/html/yii/framework/base/CApplication.php(180): CWebApplication->processRequest()
#17 /var/www/html/demo/index.php(13): CWebApplication->run()
REQUEST_URI=/demo/
in /var/www/html/demo/protected/views/layouts/main.php (51)
in /var/www/html/demo/protected/views/layouts/column1.php (6)
in /var/www/html/demo/protected/controllers/SiteController.php (32)
2013/10/12 14:14:23 [error] [php] date(): It is not safe to rely on the system's timezone settings. You are *required* to use the date.timezone setting or the date_default_timezone_set() function. In case you used any of those methods and you are still getting this warning, you most likely misspelled the timezone identifier. We selected 'Asia/Bangkok' for 'ICT/7.0/no DST' instead (/var/www/html/demo/protected/views/layouts/main.php:51)
Stack trace:
#0 /var/www/html/yii/framework/web/CBaseController.php(95): SiteController->renderInternal()
#1 /var/www/html/yii/framework/web/widgets/CContentDecorator.php(76): SiteController->renderFile()
#2 /var/www/html/yii/framework/web/widgets/CContentDecorator.php(54): CContentDecorator->decorate()
#3 /var/www/html/yii/framework/web/widgets/COutputProcessor.php(44): CContentDecorator->processOutput()
#4 /var/www/html/yii/framework/web/CBaseController.php(206): CContentDecorator->run()
#5 /var/www/html/yii/framework/web/CBaseController.php(300): SiteController->endWidget()
#6 /var/www/html/demo/protected/views/layouts/column1.php(6): SiteController->endContent()
#7 /var/www/html/yii/framework/web/CBaseController.php(126): require()
#8 /var/www/html/yii/framework/web/CBaseController.php(95): SiteController->renderInternal()
#9 /var/www/html/yii/framework/web/CController.php(784): SiteController->renderFile()
#10 /var/www/html/demo/protected/controllers/SiteController.php(32): SiteController->render()
#11 /var/www/html/yii/framework/web/actions/CInlineAction.php(49): SiteController->actionIndex()
#12 /var/www/html/yii/framework/web/CController.php(308): CInlineAction->runWithParams()
#13 /var/www/html/yii/framework/web/CController.php(286): SiteController->runAction()
#14 /var/www/html/yii/framework/web/CController.php(265): SiteController->runActionWithFilters()
#15 /var/www/html/yii/framework/web/CWebApplication.php(282): SiteController->run()
#16 /var/www/html/yii/framework/web/CWebApplication.php(141): CWebApplication->runController()
#17 /var/www/html/yii/framework/base/CApplication.php(180): CWebApplication->processRequest()
#18 /var/www/html/demo/index.php(13): CWebApplication->run()
REQUEST_URI=/demo/
in /var/www/html/demo/protected/views/layouts/main.php (51)
in /var/www/html/demo/protected/views/layouts/column1.php (6)
in /var/www/html/demo/protected/controllers/SiteController.php (32)
2013/10/12 14:14:24 [error] [php] date(): It is not safe to rely on the system's timezone settings. You are *required* to use the date.timezone setting or the date_default_timezone_set() function. In case you used any of those methods and you are still getting this warning, you most likely misspelled the timezone identifier. We selected 'Asia/Bangkok' for 'ICT/7.0/no DST' instead (/var/www/html/demo/protected/views/layouts/main.php:51)
Stack trace:
#0 /var/www/html/yii/framework/web/CBaseController.php(95): SiteController->renderInternal()
#1 /var/www/html/yii/framework/web/widgets/CContentDecorator.php(76): SiteController->renderFile()
#2 /var/www/html/yii/framework/web/widgets/CContentDecorator.php(54): CContentDecorator->decorate()
#3 /var/www/html/yii/framework/web/widgets/COutputProcessor.php(44): CContentDecorator->processOutput()
#4 /var/www/html/yii/framework/web/CBaseController.php(206): CContentDecorator->run()
#5 /var/www/html/yii/framework/web/CBaseController.php(300): SiteController->endWidget()
#6 /var/www/html/demo/protected/views/layouts/column1.php(6): SiteController->endContent()
#7 /var/www/html/yii/framework/web/CBaseController.php(126): require()
#8 /var/www/html/yii/framework/web/CBaseController.php(95): SiteController->renderInternal()
#9 /var/www/html/yii/framework/web/CController.php(784): SiteController->renderFile()
#10 /var/www/html/demo/protected/controllers/SiteController.php(32): SiteController->render()
#11 /var/www/html/yii/framework/web/actions/CInlineAction.php(49): SiteController->actionIndex()
#12 /var/www/html/yii/framework/web/CController.php(308): CInlineAction->runWithParams()
#13 /var/www/html/yii/framework/web/CController.php(286): SiteController->runAction()
#14 /var/www/html/yii/framework/web/CController.php(265): SiteController->runActionWithFilters()
#15 /var/www/html/yii/framework/web/CWebApplication.php(282): SiteController->run()
#16 /var/www/html/yii/framework/web/CWebApplication.php(141): CWebApplication->runController()
#17 /var/www/html/yii/framework/base/CApplication.php(180): CWebApplication->processRequest()
#18 /var/www/html/demo/index.php(13): CWebApplication->run()
REQUEST_URI=/demo/
in /var/www/html/demo/protected/views/layouts/main.php (51)
in /var/www/html/demo/protected/views/layouts/column1.php (6)
in /var/www/html/demo/protected/controllers/SiteController.php (32)
2013/10/12 14:14:24 [error] [php] date(): It is not safe to rely on the system's timezone settings. You are *required* to use the date.timezone setting or the date_default_timezone_set() function. In case you used any of those methods and you are still getting this warning, you most likely misspelled the timezone identifier. We selected 'Asia/Bangkok' for 'ICT/7.0/no DST' instead (/var/www/html/demo/protected/views/layouts/main.php:51)
Stack trace:
#0 /var/www/html/yii/framework/web/CBaseController.php(95): SiteController->renderInternal()
#1 /var/www/html/yii/framework/web/widgets/CContentDecorator.php(76): SiteController->renderFile()
#2 /var/www/html/yii/framework/web/widgets/CContentDecorator.php(54): CContentDecorator->decorate()
#3 /var/www/html/yii/framework/web/widgets/COutputProcessor.php(44): CContentDecorator->processOutput()
#4 /var/www/html/yii/framework/web/CBaseController.php(206): CContentDecorator->run()
#5 /var/www/html/yii/framework/web/CBaseController.php(300): SiteController->endWidget()
#6 /var/www/html/demo/protected/views/layouts/column1.php(6): SiteController->endContent()
#7 /var/www/html/yii/framework/web/CBaseController.php(126): require()
#8 /var/www/html/yii/framework/web/CBaseController.php(95): SiteController->renderInternal()
#9 /var/www/html/yii/framework/web/CController.php(784): SiteController->renderFile()
#10 /var/www/html/demo/protected/controllers/SiteController.php(32): SiteController->render()
#11 /var/www/html/yii/framework/web/actions/CInlineAction.php(49): SiteController->actionIndex()
#12 /var/www/html/yii/framework/web/CController.php(308): CInlineAction->runWithParams()
#13 /var/www/html/yii/framework/web/CController.php(286): SiteController->runAction()
#14 /var/www/html/yii/framework/web/CController.php(265): SiteController->runActionWithFilters()
#15 /var/www/html/yii/framework/web/CWebApplication.php(282): SiteController->run()
#16 /var/www/html/yii/framework/web/CWebApplication.php(141): CWebApplication->runController()
#17 /var/www/html/yii/framework/base/CApplication.php(180): CWebApplication->processRequest()
#18 /var/www/html/demo/index.php(13): CWebApplication->run()
REQUEST_URI=/demo/
in /var/www/html/demo/protected/views/layouts/main.php (51)
in /var/www/html/demo/protected/views/layouts/column1.php (6)
in /var/www/html/demo/protected/controllers/SiteController.php (32)
2013/10/12 14:20:09 [error] [php] date(): It is not safe to rely on the system's timezone settings. You are *required* to use the date.timezone setting or the date_default_timezone_set() function. In case you used any of those methods and you are still getting this warning, you most likely misspelled the timezone identifier. We selected 'Asia/Bangkok' for 'ICT/7.0/no DST' instead (/var/www/html/demo/protected/views/layouts/main.php:51)
Stack trace:
#0 /var/www/html/yii/framework/web/CBaseController.php(95): SiteController->renderInternal()
#1 /var/www/html/yii/framework/web/widgets/CContentDecorator.php(76): SiteController->renderFile()
#2 /var/www/html/yii/framework/web/widgets/CContentDecorator.php(54): CContentDecorator->decorate()
#3 /var/www/html/yii/framework/web/widgets/COutputProcessor.php(44): CContentDecorator->processOutput()
#4 /var/www/html/yii/framework/web/CBaseController.php(206): CContentDecorator->run()
#5 /var/www/html/yii/framework/web/CBaseController.php(300): SiteController->endWidget()
#6 /var/www/html/demo/protected/views/layouts/column1.php(6): SiteController->endContent()
#7 /var/www/html/yii/framework/web/CBaseController.php(126): require()
#8 /var/www/html/yii/framework/web/CBaseController.php(95): SiteController->renderInternal()
#9 /var/www/html/yii/framework/web/CController.php(784): SiteController->renderFile()
#10 /var/www/html/demo/protected/controllers/SiteController.php(32): SiteController->render()
#11 /var/www/html/yii/framework/web/actions/CInlineAction.php(49): SiteController->actionIndex()
#12 /var/www/html/yii/framework/web/CController.php(308): CInlineAction->runWithParams()
#13 /var/www/html/yii/framework/web/CController.php(286): SiteController->runAction()
#14 /var/www/html/yii/framework/web/CController.php(265): SiteController->runActionWithFilters()
#15 /var/www/html/yii/framework/web/CWebApplication.php(282): SiteController->run()
#16 /var/www/html/yii/framework/web/CWebApplication.php(141): CWebApplication->runController()
#17 /var/www/html/yii/framework/base/CApplication.php(180): CWebApplication->processRequest()
#18 /var/www/html/demo/index.php(13): CWebApplication->run()
REQUEST_URI=/demo/index.php
in /var/www/html/demo/protected/views/layouts/main.php (51)
in /var/www/html/demo/protected/views/layouts/column1.php (6)
in /var/www/html/demo/protected/controllers/SiteController.php (32)
2013/10/12 14:20:10 [error] [php] date(): It is not safe to rely on the system's timezone settings. You are *required* to use the date.timezone setting or the date_default_timezone_set() function. In case you used any of those methods and you are still getting this warning, you most likely misspelled the timezone identifier. We selected 'Asia/Bangkok' for 'ICT/7.0/no DST' instead (/var/www/html/demo/protected/views/layouts/main.php:51)
Stack trace:
#0 /var/www/html/yii/framework/web/CBaseController.php(95): SiteController->renderInternal()
#1 /var/www/html/yii/framework/web/widgets/CContentDecorator.php(76): SiteController->renderFile()
#2 /var/www/html/yii/framework/web/widgets/CContentDecorator.php(54): CContentDecorator->decorate()
#3 /var/www/html/yii/framework/web/widgets/COutputProcessor.php(44): CContentDecorator->processOutput()
#4 /var/www/html/yii/framework/web/CBaseController.php(206): CContentDecorator->run()
#5 /var/www/html/yii/framework/web/CBaseController.php(300): SiteController->endWidget()
#6 /var/www/html/demo/protected/views/layouts/column1.php(6): SiteController->endContent()
#7 /var/www/html/yii/framework/web/CBaseController.php(126): require()
#8 /var/www/html/yii/framework/web/CBaseController.php(95): SiteController->renderInternal()
#9 /var/www/html/yii/framework/web/CController.php(784): SiteController->renderFile()
#10 /var/www/html/demo/protected/controllers/SiteController.php(32): SiteController->render()
#11 /var/www/html/yii/framework/web/actions/CInlineAction.php(49): SiteController->actionIndex()
#12 /var/www/html/yii/framework/web/CController.php(308): CInlineAction->runWithParams()
#13 /var/www/html/yii/framework/web/CController.php(286): SiteController->runAction()
#14 /var/www/html/yii/framework/web/CController.php(265): SiteController->runActionWithFilters()
#15 /var/www/html/yii/framework/web/CWebApplication.php(282): SiteController->run()
#16 /var/www/html/yii/framework/web/CWebApplication.php(141): CWebApplication->runController()
#17 /var/www/html/yii/framework/base/CApplication.php(180): CWebApplication->processRequest()
#18 /var/www/html/demo/index.php(13): CWebApplication->run()
REQUEST_URI=/demo/index.php
in /var/www/html/demo/protected/views/layouts/main.php (51)
in /var/www/html/demo/protected/views/layouts/column1.php (6)
in /var/www/html/demo/protected/controllers/SiteController.php (32)
2013/10/12 14:20:10 [error] [php] date(): It is not safe to rely on the system's timezone settings. You are *required* to use the date.timezone setting or the date_default_timezone_set() function. In case you used any of those methods and you are still getting this warning, you most likely misspelled the timezone identifier. We selected 'Asia/Bangkok' for 'ICT/7.0/no DST' instead (/var/www/html/demo/protected/views/layouts/main.php:51)
Stack trace:
#0 /var/www/html/yii/framework/web/CBaseController.php(95): SiteController->renderInternal()
#1 /var/www/html/yii/framework/web/widgets/CContentDecorator.php(76): SiteController->renderFile()
#2 /var/www/html/yii/framework/web/widgets/CContentDecorator.php(54): CContentDecorator->decorate()
#3 /var/www/html/yii/framework/web/widgets/COutputProcessor.php(44): CContentDecorator->processOutput()
#4 /var/www/html/yii/framework/web/CBaseController.php(206): CContentDecorator->run()
#5 /var/www/html/yii/framework/web/CBaseController.php(300): SiteController->endWidget()
#6 /var/www/html/demo/protected/views/layouts/column1.php(6): SiteController->endContent()
#7 /var/www/html/yii/framework/web/CBaseController.php(126): require()
#8 /var/www/html/yii/framework/web/CBaseController.php(95): SiteController->renderInternal()
#9 /var/www/html/yii/framework/web/CController.php(784): SiteController->renderFile()
#10 /var/www/html/demo/protected/controllers/SiteController.php(32): SiteController->render()
#11 /var/www/html/yii/framework/web/actions/CInlineAction.php(49): SiteController->actionIndex()
#12 /var/www/html/yii/framework/web/CController.php(308): CInlineAction->runWithParams()
#13 /var/www/html/yii/framework/web/CController.php(286): SiteController->runAction()
#14 /var/www/html/yii/framework/web/CController.php(265): SiteController->runActionWithFilters()
#15 /var/www/html/yii/framework/web/CWebApplication.php(282): SiteController->run()
#16 /var/www/html/yii/framework/web/CWebApplication.php(141): CWebApplication->runController()
#17 /var/www/html/yii/framework/base/CApplication.php(180): CWebApplication->processRequest()
#18 /var/www/html/demo/index.php(13): CWebApplication->run()
REQUEST_URI=/demo/index.php
in /var/www/html/demo/protected/views/layouts/main.php (51)
in /var/www/html/demo/protected/views/layouts/column1.php (6)
in /var/www/html/demo/protected/controllers/SiteController.php (32)
2013/10/12 15:48:02 [error] [exception.CHttpException.404] exception 'CHttpException' with message 'The system is unable to find the requested action "helloworld".' in /var/www/html/yii/framework/web/CController.php:483
Stack trace:
#0 /var/www/html/yii/framework/web/CController.php(270): CController->missingAction('helloworld')
#1 /var/www/html/yii/framework/web/CWebApplication.php(282): CController->run('helloworld')
#2 /var/www/html/yii/framework/web/CWebApplication.php(141): CWebApplication->runController('message/hellowo...')
#3 /var/www/html/yii/framework/base/CApplication.php(180): CWebApplication->processRequest()
#4 /var/www/html/demo/index.php(14): CApplication->run()
#5 {main}
REQUEST_URI=/demo/index.php?r=message/helloworld
---
2013/10/12 15:48:13 [error] [exception.CHttpException.404] exception 'CHttpException' with message 'The system is unable to find the requested action "helloWorld".' in /var/www/html/yii/framework/web/CController.php:483
Stack trace:
#0 /var/www/html/yii/framework/web/CController.php(270): CController->missingAction('helloWorld')
#1 /var/www/html/yii/framework/web/CWebApplication.php(282): CController->run('helloWorld')
#2 /var/www/html/yii/framework/web/CWebApplication.php(141): CWebApplication->runController('message/helloWo...')
#3 /var/www/html/yii/framework/base/CApplication.php(180): CWebApplication->processRequest()
#4 /var/www/html/demo/index.php(14): CApplication->run()
#5 {main}
REQUEST_URI=/demo/index.php?r=message/helloWorld
---
2013/10/12 15:48:32 [error] [exception.CHttpException.404] exception 'CHttpException' with message 'The system is unable to find the requested action "helloWorld.php".' in /var/www/html/yii/framework/web/CController.php:483
Stack trace:
#0 /var/www/html/yii/framework/web/CController.php(270): CController->missingAction('helloWorld.php')
#1 /var/www/html/yii/framework/web/CWebApplication.php(282): CController->run('helloWorld.php')
#2 /var/www/html/yii/framework/web/CWebApplication.php(141): CWebApplication->runController('message/helloWo...')
#3 /var/www/html/yii/framework/base/CApplication.php(180): CWebApplication->processRequest()
#4 /var/www/html/demo/index.php(14): CApplication->run()
#5 {main}
REQUEST_URI=/demo/index.php?r=message/helloWorld.php
---
2013/10/12 15:49:02 [error] [exception.CHttpException.404] exception 'CHttpException' with message 'The system is unable to find the requested action "helloworld".' in /var/www/html/yii/framework/web/CController.php:483
Stack trace:
#0 /var/www/html/yii/framework/web/CController.php(270): CController->missingAction('helloworld')
#1 /var/www/html/yii/framework/web/CWebApplication.php(282): CController->run('helloworld')
#2 /var/www/html/yii/framework/web/CWebApplication.php(141): CWebApplication->runController('message/hellowo...')
#3 /var/www/html/yii/framework/base/CApplication.php(180): CWebApplication->processRequest()
#4 /var/www/html/demo/index.php(14): CApplication->run()
#5 {main}
REQUEST_URI=/demo/index.php?r=message/helloworld
---
2013/10/12 15:49:32 [error] [exception.CHttpException.404] exception 'CHttpException' with message 'Unable to resolve the request "helloworld".' in /var/www/html/yii/framework/web/CWebApplication.php:286
Stack trace:
#0 /var/www/html/yii/framework/web/CWebApplication.php(141): CWebApplication->runController('helloworld')
#1 /var/www/html/yii/framework/base/CApplication.php(180): CWebApplication->processRequest()
#2 /var/www/html/demo/index.php(14): CApplication->run()
#3 {main}
REQUEST_URI=/demo/index.php?r=helloworld
---
2013/10/12 15:50:00 [error] [exception.CHttpException.404] exception 'CHttpException' with message 'Unable to resolve the request "messahe".' in /var/www/html/yii/framework/web/CWebApplication.php:286
Stack trace:
#0 /var/www/html/yii/framework/web/CWebApplication.php(141): CWebApplication->runController('messahe')
#1 /var/www/html/yii/framework/base/CApplication.php(180): CWebApplication->processRequest()
#2 /var/www/html/demo/index.php(14): CApplication->run()
#3 {main}
REQUEST_URI=/demo/index.php?r=messahe
---
